starting worker for localhost:11383 
Type: EXEC 
Type: EXEC 
Type: EXEC 
Type: EXEC 
Type: EXEC 
Type: EXEC 
Type: EXEC 
LDAG10_pcskel_tree_partition_epf1_reg0_N1000_r01.rd
Init search space:Order=0; remaining edges:90
x= 1  y= 2  S=  : pval = 0.3733021 
x= 1  y= 3  S=  : pval = 0.0008774591 
x= 1  y= 4  S=  : pval = 0.8983003 
x= 1  y= 5  S=  : pval = 9.049299e-06 
x= 1  y= 6  S=  : pval = 0.8539482 
x= 1  y= 7  S=  : pval = 0.1976504 
x= 1  y= 8  S=  : pval = 0.4089133 
x= 1  y= 9  S=  : pval = 0.1021545 
x= 1  y= 10  S=  : pval = 0.7196002 
x= 2  y= 3  S=  : pval = 0.9617357 
x= 2  y= 4  S=  : pval = 0.701022 
x= 2  y= 5  S=  : pval = 0.9718485 
x= 2  y= 6  S=  : pval = 0.06452602 
x= 2  y= 7  S=  : pval = 6.564942e-74 
x= 2  y= 8  S=  : pval = 1.153737e-10 
x= 2  y= 9  S=  : pval = 0.02279657 
x= 2  y= 10  S=  : pval = 0.9491518 
x= 3  y= 1  S=  : pval = 0.0008774591 
x= 3  y= 4  S=  : pval = 3.497076e-38 
x= 3  y= 5  S=  : pval = 0.482036 
x= 3  y= 6  S=  : pval = 0.006202557 
x= 3  y= 7  S=  : pval = 1.837213e-05 
x= 3  y= 8  S=  : pval = 0.004096181 
x= 3  y= 9  S=  : pval = 0.02618313 
x= 3  y= 10  S=  : pval = 0.3595449 
x= 4  y= 3  S=  : pval = 3.497076e-38 
x= 4  y= 5  S=  : pval = 0.730736 
x= 4  y= 6  S=  : pval = 0.1632663 
x= 4  y= 7  S=  : pval = 0.4356338 
x= 4  y= 8  S=  : pval = 0.1003176 
x= 4  y= 9  S=  : pval = 0.7856066 
x= 4  y= 10  S=  : pval = 0.5734371 
x= 5  y= 1  S=  : pval = 9.049299e-06 
x= 5  y= 6  S=  : pval = 0.1174674 
x= 5  y= 7  S=  : pval = 0.4407685 
x= 5  y= 8  S=  : pval = 0.3100863 
x= 5  y= 9  S=  : pval = 5.741857e-15 
x= 5  y= 10  S=  : pval = 0.001864269 
x= 6  y= 3  S=  : pval = 0.006202557 
x= 6  y= 7  S=  : pval = 0.1016851 
x= 6  y= 8  S=  : pval = 0.5619603 
x= 6  y= 9  S=  : pval = 0.7100008 
x= 6  y= 10  S=  : pval = 4.42853e-91 
x= 7  y= 2  S=  : pval = 6.564942e-74 
x= 7  y= 3  S=  : pval = 1.837213e-05 
x= 7  y= 8  S=  : pval = 5.796651e-39 
x= 7  y= 9  S=  : pval = 0.0005208186 
x= 7  y= 10  S=  : pval = 2.70255e-08 
x= 8  y= 2  S=  : pval = 1.153737e-10 
x= 8  y= 3  S=  : pval = 0.004096181 
x= 8  y= 7  S=  : pval = 5.796651e-39 
x= 8  y= 9  S=  : pval = 6.344785e-17 
x= 8  y= 10  S=  : pval = 1.449198e-05 
x= 9  y= 2  S=  : pval = 0.02279657 
x= 9  y= 3  S=  : pval = 0.02618313 
x= 9  y= 5  S=  : pval = 5.741857e-15 
x= 9  y= 7  S=  : pval = 0.0005208186 
x= 9  y= 8  S=  : pval = 6.344785e-17 
x= 9  y= 10  S=  : pval = 0.0004382397 
x= 10  y= 5  S=  : pval = 0.001864269 
x= 10  y= 6  S=  : pval = 4.42853e-91 
x= 10  y= 7  S=  : pval = 2.70255e-08 
x= 10  y= 8  S=  : pval = 1.449198e-05 
x= 10  y= 9  S=  : pval = 0.0004382397 
Order=1; remaining edges:38
x= 1  y= 3  S= 5 : pval = 0.0001093635 
x= 1  y= 5  S= 3 : pval = 1.459984e-06 
x= 2  y= 7  S= 8 : pval = 7.093778e-64 
x= 2  y= 7  S= 9 : pval = 5.722442e-72 
x= 2  y= 8  S= 7 : pval = 0.4506363 
x= 2  y= 9  S= 7 : pval = 0.2854647 
x= 3  y= 1  S= 4 : pval = 0.0005321405 
x= 3  y= 1  S= 6 : pval = 0.002329976 
x= 3  y= 1  S= 7 : pval = 0.005854217 
x= 3  y= 1  S= 8 : pval = 0.004804927 
x= 3  y= 1  S= 9 : pval = 0.002314255 
x= 3  y= 4  S= 1 : pval = 7.680188e-38 
x= 3  y= 4  S= 6 : pval = 4.829031e-37 
x= 3  y= 4  S= 7 : pval = 2.725125e-39 
x= 3  y= 4  S= 8 : pval = 3.532009e-38 
x= 3  y= 4  S= 9 : pval = 1.116044e-37 
x= 3  y= 6  S= 1 : pval = 0.01395033 
x= 3  y= 6  S= 4 : pval = 0.02003307 
x= 3  y= 6  S= 7 : pval = 4.97754e-16 
x= 3  y= 6  S= 8 : pval = 1.066278e-05 
x= 3  y= 6  S= 9 : pval = 0.009625105 
x= 3  y= 7  S= 1 : pval = 0.0001535925 
x= 3  y= 7  S= 4 : pval = 4.953842e-07 
x= 3  y= 7  S= 6 : pval = 2.181136e-18 
x= 3  y= 7  S= 8 : pval = 1.450579e-07 
x= 3  y= 7  S= 9 : pval = 0.0002407928 
x= 3  y= 8  S= 1 : pval = 0.01977057 
x= 3  y= 8  S= 4 : pval = 0.001006952 
x= 3  y= 8  S= 6 : pval = 7.327737e-06 
x= 3  y= 8  S= 7 : pval = 2.274954e-05 
x= 3  y= 8  S= 9 : pval = 0.02362908 
x= 3  y= 9  S= 1 : pval = 0.0495032 
x= 3  y= 9  S= 4 : pval = 0.01654086 
x= 3  y= 9  S= 6 : pval = 0.03438702 
x= 3  y= 9  S= 7 : pval = 0.1963199 
x= 5  y= 1  S= 9 : pval = 0.0001825538 
x= 5  y= 1  S= 10 : pval = 3.31367e-05 
x= 5  y= 9  S= 1 : pval = 1.978216e-13 
x= 5  y= 9  S= 10 : pval = 3.925488e-13 
x= 5  y= 10  S= 1 : pval = 0.004976521 
x= 5  y= 10  S= 9 : pval = 0.05440358 
x= 6  y= 3  S= 10 : pval = 6.853512e-07 
x= 6  y= 10  S= 3 : pval = 3.266017e-94 
x= 7  y= 2  S= 3 : pval = 5.280308e-76 
x= 7  y= 2  S= 8 : pval = 7.093778e-64 
x= 7  y= 2  S= 9 : pval = 5.722442e-72 
x= 7  y= 2  S= 10 : pval = 1.006387e-84 
x= 7  y= 3  S= 2 : pval = 3.642813e-08 
x= 7  y= 3  S= 8 : pval = 1.450579e-07 
x= 7  y= 3  S= 9 : pval = 0.0002407928 
x= 7  y= 3  S= 10 : pval = 2.871619e-07 
x= 7  y= 8  S= 2 : pval = 4.509398e-29 
x= 7  y= 8  S= 3 : pval = 1.336611e-40 
x= 7  y= 8  S= 9 : pval = 2.842299e-35 
x= 7  y= 8  S= 10 : pval = 6.742606e-35 
x= 7  y= 9  S= 2 : pval = 0.009265365 
x= 7  y= 9  S= 3 : pval = 0.005651283 
x= 7  y= 9  S= 8 : pval = 0.7239523 
x= 7  y= 10  S= 2 : pval = 1.30125e-19 
x= 7  y= 10  S= 3 : pval = 5.382019e-10 
x= 7  y= 10  S= 8 : pval = 0.0001371459 
x= 7  y= 10  S= 9 : pval = 3.204371e-09 
x= 8  y= 3  S= 2 : pval = 0.002190106 
x= 8  y= 3  S= 7 : pval = 2.274954e-05 
x= 8  y= 3  S= 9 : pval = 0.02362908 
x= 8  y= 3  S= 10 : pval = 0.01571177 
x= 8  y= 7  S= 2 : pval = 4.509398e-29 
x= 8  y= 7  S= 3 : pval = 1.336611e-40 
x= 8  y= 7  S= 9 : pval = 2.842299e-35 
x= 8  y= 7  S= 10 : pval = 6.742606e-35 
x= 8  y= 9  S= 2 : pval = 7.34784e-15 
x= 8  y= 9  S= 3 : pval = 9.806355e-16 
x= 8  y= 9  S= 7 : pval = 2.007697e-13 
x= 8  y= 9  S= 10 : pval = 1.031878e-16 
x= 8  y= 10  S= 2 : pval = 4.436412e-08 
x= 8  y= 10  S= 3 : pval = 7.990821e-05 
x= 8  y= 10  S= 7 : pval = 0.05836625 
x= 9  y= 5  S= 2 : pval = 3.18408e-15 
x= 9  y= 5  S= 3 : pval = 2.720842e-14 
x= 9  y= 5  S= 7 : pval = 8.162435e-20 
x= 9  y= 5  S= 8 : pval = 2.109524e-42 
x= 9  y= 5  S= 10 : pval = 3.925488e-13 
x= 9  y= 8  S= 2 : pval = 7.34784e-15 
x= 9  y= 8  S= 3 : pval = 9.806355e-16 
x= 9  y= 8  S= 5 : pval = 2.490113e-44 
x= 9  y= 8  S= 7 : pval = 2.007697e-13 
x= 9  y= 8  S= 10 : pval = 1.031878e-16 
x= 9  y= 10  S= 2 : pval = 0.0019227 
x= 9  y= 10  S= 3 : pval = 0.000829011 
x= 9  y= 10  S= 5 : pval = 0.01422351 
x= 9  y= 10  S= 7 : pval = 3.415817e-05 
x= 9  y= 10  S= 8 : pval = 0.0003167429 
x= 10  y= 6  S= 5 : pval = 3.06935e-90 
x= 10  y= 6  S= 7 : pval = 1.69689e-100 
x= 10  y= 6  S= 8 : pval = 1.566555e-97 
x= 10  y= 6  S= 9 : pval = 2.269534e-92 
x= 10  y= 7  S= 5 : pval = 1.779447e-09 
x= 10  y= 7  S= 6 : pval = 2.924389e-18 
x= 10  y= 7  S= 8 : pval = 0.0001371459 
x= 10  y= 7  S= 9 : pval = 3.204371e-09 
x= 10  y= 9  S= 5 : pval = 0.01422351 
x= 10  y= 9  S= 6 : pval = 4.169365e-06 
x= 10  y= 9  S= 7 : pval = 3.415817e-05 
x= 10  y= 9  S= 8 : pval = 0.0003167429 
Order=2; remaining edges:26
x= 3  y= 1  S= 4 6 : pval = 0.004605799 
x= 3  y= 1  S= 4 7 : pval = 0.002107175 
x= 3  y= 1  S= 4 8 : pval = 0.0009055928 
x= 3  y= 1  S= 6 7 : pval = 0.03789015 
x= 3  y= 1  S= 6 8 : pval = 0.02495672 
x= 3  y= 1  S= 7 8 : pval = 0.00245377 
x= 3  y= 4  S= 1 6 : pval = 9.641024e-36 
x= 3  y= 4  S= 1 7 : pval = 9.707288e-39 
x= 3  y= 4  S= 1 8 : pval = 5.872232e-38 
x= 3  y= 4  S= 6 7 : pval = 2.999781e-36 
x= 3  y= 4  S= 6 8 : pval = 5.735737e-37 
x= 3  y= 4  S= 7 8 : pval = 5.331987e-33 
x= 3  y= 6  S= 1 4 : pval = 0.0995806 
x= 3  y= 7  S= 1 4 : pval = 3.417559e-06 
x= 3  y= 7  S= 1 6 : pval = 2.374251e-16 
x= 3  y= 7  S= 1 8 : pval = 1.57584e-07 
x= 3  y= 7  S= 4 6 : pval = 6.879759e-18 
x= 3  y= 7  S= 4 8 : pval = 0.00252796 
x= 3  y= 7  S= 6 8 : pval = 1.342344e-16 
x= 3  y= 8  S= 1 4 : pval = 0.001607959 
x= 3  y= 8  S= 1 6 : pval = 0.000147285 
x= 3  y= 8  S= 1 7 : pval = 1.526758e-05 
x= 3  y= 8  S= 4 6 : pval = 1.677338e-06 
x= 3  y= 8  S= 4 7 : pval = 0.8838638 
x= 7  y= 2  S= 3 8 : pval = 6.944119e-65 
x= 7  y= 2  S= 3 10 : pval = 1.959933e-85 
x= 7  y= 2  S= 8 10 : pval = 6.953818e-71 
x= 7  y= 3  S= 2 8 : pval = 2.226063e-09 
x= 7  y= 3  S= 2 10 : pval = 6.389351e-09 
x= 7  y= 3  S= 8 10 : pval = 2.601644e-09 
x= 7  y= 8  S= 2 3 : pval = 8.25885e-30 
x= 7  y= 8  S= 2 10 : pval = 1.47097e-21 
x= 7  y= 8  S= 3 10 : pval = 2.234024e-36 
x= 7  y= 10  S= 2 3 : pval = 4.897403e-20 
x= 7  y= 10  S= 2 8 : pval = 2.498062e-12 
x= 7  y= 10  S= 3 8 : pval = 1.755841e-06 
x= 8  y= 7  S= 3 9 : pval = 1.444067e-36 
x= 8  y= 9  S= 3 7 : pval = 3.701775e-12 
x= 9  y= 5  S= 8 10 : pval = 1.495428e-39 
x= 9  y= 8  S= 5 10 : pval = 4.272269e-43 
x= 9  y= 10  S= 5 8 : pval = 0.01666458 
x= 10  y= 6  S= 7 9 : pval = 4.761276e-100 
x= 10  y= 7  S= 6 9 : pval = 1.249218e-17 
x= 10  y= 9  S= 6 7 : pval = 6.404193e-06 
Order=3; remaining edges:22
x= 7  y= 2  S= 3 8 10 : pval = 7.764168e-71 
x= 7  y= 3  S= 2 8 10 : pval = 1.273144e-10 
x= 7  y= 8  S= 2 3 10 : pval = 9.037157e-23 
x= 7  y= 10  S= 2 3 8 : pval = 1.992329e-13 

Expand search space using BiDAG::iterativeMCMC:maximum parent set size is 4 
core space defined, score table are being computed 
sscore tables completed, iterative MCMC is running ssearch space expansion 2 
search space expansion 3 
search space expansion 4 
search space expansion 5 
search space expansion 6 
search space expansion 7 
search space expansion 8 

Sample DAGs using BiDAG::sampleBN:
core space defined, score table are being computed 
score tables calculated, partition MCMC is running 
Type: EXEC 
LDAG10_pcskel_tree_partition_epf1_reg1_N1000_r02.rds
Init search space:Order=0; remaining edges:90
x= 1  y= 2  S=  : pval = 4.958545e-06 
x= 1  y= 3  S=  : pval = 5.459045e-16 
x= 1  y= 4  S=  : pval = 0.9789146 
x= 1  y= 5  S=  : pval = 1.184535e-33 
x= 1  y= 6  S=  : pval = 0.848092 
x= 1  y= 7  S=  : pval = 0.08784459 
x= 1  y= 8  S=  : pval = 0.6422029 
x= 1  y= 9  S=  : pval = 0.6825069 
x= 1  y= 10  S=  : pval = 0.9488525 
x= 2  y= 1  S=  : pval = 4.958545e-06 
x= 2  y= 3  S=  : pval = 6.27922e-19 
x= 2  y= 4  S=  : pval = 0.0004281603 
x= 2  y= 5  S=  : pval = 0.5435855 
x= 2  y= 6  S=  : pval = 0.3697142 
x= 2  y= 7  S=  : pval = 1.483144e-75 
x= 2  y= 8  S=  : pval = 2.530065e-08 
x= 2  y= 9  S=  : pval = 0.001709666 
x= 2  y= 10  S=  : pval = 0.9767699 
x= 3  y= 1  S=  : pval = 5.459045e-16 
x= 3  y= 2  S=  : pval = 6.27922e-19 
x= 3  y= 4  S=  : pval = 1.934789e-36 
x= 3  y= 5  S=  : pval = 0.3754322 
x= 3  y= 6  S=  : pval = 0.5548901 
x= 3  y= 7  S=  : pval = 1.671627e-07 
x= 3  y= 8  S=  : pval = 1.15234e-20 
x= 3  y= 9  S=  : pval = 8.645011e-09 
x= 3  y= 10  S=  : pval = 0.004651594 
x= 4  y= 2  S=  : pval = 0.0004281603 
x= 4  y= 3  S=  : pval = 1.934789e-36 
x= 4  y= 5  S=  : pval = 0.2605614 
x= 4  y= 6  S=  : pval = 0.3067854 
x= 4  y= 7  S=  : pval = 3.966102e-33 
x= 4  y= 8  S=  : pval = 1.13558e-114 
x= 4  y= 9  S=  : pval = 2.401816e-24 
x= 4  y= 10  S=  : pval = 0.1405993 
x= 5  y= 1  S=  : pval = 1.184535e-33 
x= 5  y= 6  S=  : pval = 0.3314702 
x= 5  y= 7  S=  : pval = 0.5492549 
x= 5  y= 8  S=  : pval = 0.04463503 
x= 5  y= 9  S=  : pval = 0.8257344 
x= 5  y= 10  S=  : pval = 0.1640883 
x= 6  y= 7  S=  : pval = 2.147675e-05 
x= 6  y= 8  S=  : pval = 0.6125613 
x= 6  y= 9  S=  : pval = 0.7227565 
x= 6  y= 10  S=  : pval = 0.8144897 
x= 7  y= 2  S=  : pval = 1.483144e-75 
x= 7  y= 3  S=  : pval = 1.671627e-07 
x= 7  y= 4  S=  : pval = 3.966102e-33 
x= 7  y= 6  S=  : pval = 2.147675e-05 
x= 7  y= 8  S=  : pval = 3.865578e-47 
x= 7  y= 9  S=  : pval = 6.479903e-11 
x= 7  y= 10  S=  : pval = 0.4391998 
x= 8  y= 2  S=  : pval = 2.530065e-08 
x= 8  y= 3  S=  : pval = 1.15234e-20 
x= 8  y= 4  S=  : pval = 1.13558e-114 
x= 8  y= 5  S=  : pval = 0.04463503 
x= 8  y= 7  S=  : pval = 3.865578e-47 
x= 8  y= 9  S=  : pval = 4.867938e-53 
x= 8  y= 10  S=  : pval = 0.2730016 
x= 9  y= 2  S=  : pval = 0.001709666 
x= 9  y= 3  S=  : pval = 8.645011e-09 
x= 9  y= 4  S=  : pval = 2.401816e-24 
x= 9  y= 7  S=  : pval = 6.479903e-11 
x= 9  y= 8  S=  : pval = 4.867938e-53 
x= 9  y= 10  S=  : pval = 0.94167 
x= 10  y= 3  S=  : pval = 0.004651594 
Order=1; remaining edges:42
x= 1  y= 2  S= 3 : pval = 9.518781e-07 
x= 1  y= 2  S= 5 : pval = 9.685792e-06 
x= 1  y= 3  S= 2 : pval = 1.806725e-16 
x= 1  y= 3  S= 5 : pval = 8.146109e-18 
x= 1  y= 5  S= 2 : pval = 5.906548e-33 
x= 1  y= 5  S= 3 : pval = 2.617207e-35 
x= 2  y= 1  S= 3 : pval = 9.518781e-07 
x= 2  y= 1  S= 4 : pval = 1.967577e-05 
x= 2  y= 1  S= 7 : pval = 3.34205e-05 
x= 2  y= 1  S= 8 : pval = 2.877211e-05 
x= 2  y= 1  S= 9 : pval = 3.214088e-05 
x= 2  y= 3  S= 1 : pval = 2.274354e-19 
x= 2  y= 3  S= 4 : pval = 8.990692e-16 
x= 2  y= 3  S= 7 : pval = 4.680575e-13 
x= 2  y= 3  S= 8 : pval = 1.218912e-13 
x= 2  y= 3  S= 9 : pval = 2.644622e-16 
x= 2  y= 4  S= 1 : pval = 0.001344059 
x= 2  y= 4  S= 3 : pval = 0.2570412 
x= 2  y= 7  S= 1 : pval = 3.867366e-74 
x= 2  y= 7  S= 3 : pval = 2.26686e-69 
x= 2  y= 7  S= 4 : pval = 3.460643e-79 
x= 2  y= 7  S= 8 : pval = 3.239086e-69 
x= 2  y= 7  S= 9 : pval = 4.556944e-73 
x= 2  y= 8  S= 1 : pval = 1.767444e-07 
x= 2  y= 8  S= 3 : pval = 0.003133786 
x= 2  y= 8  S= 4 : pval = 5.869449e-09 
x= 2  y= 8  S= 7 : pval = 0.01719468 
x= 2  y= 8  S= 9 : pval = 1.183353e-05 
x= 2  y= 9  S= 1 : pval = 0.007925741 
x= 2  y= 9  S= 3 : pval = 0.2729412 
x= 3  y= 1  S= 2 : pval = 1.806725e-16 
x= 3  y= 1  S= 4 : pval = 1.145934e-24 
x= 3  y= 1  S= 7 : pval = 1.274346e-17 
x= 3  y= 1  S= 8 : pval = 3.327849e-16 
x= 3  y= 1  S= 9 : pval = 2.22674e-15 
x= 3  y= 1  S= 10 : pval = 3.114356e-15 
x= 3  y= 2  S= 1 : pval = 2.274354e-19 
x= 3  y= 2  S= 4 : pval = 8.990692e-16 
x= 3  y= 2  S= 7 : pval = 4.680575e-13 
x= 3  y= 2  S= 8 : pval = 1.218912e-13 
x= 3  y= 2  S= 9 : pval = 2.644622e-16 
x= 3  y= 2  S= 10 : pval = 4.834988e-18 
x= 3  y= 4  S= 1 : pval = 6.267051e-45 
x= 3  y= 4  S= 2 : pval = 3.905986e-33 
x= 3  y= 4  S= 7 : pval = 1.5938e-34 
x= 3  y= 4  S= 8 : pval = 5.273354e-17 
x= 3  y= 4  S= 9 : pval = 3.863819e-29 
x= 3  y= 4  S= 10 : pval = 8.416954e-35 
x= 3  y= 7  S= 1 : pval = 2.568836e-09 
x= 3  y= 7  S= 2 : pval = 0.07495183 
x= 3  y= 8  S= 1 : pval = 8.054549e-21 
x= 3  y= 8  S= 2 : pval = 2.343601e-15 
x= 3  y= 8  S= 4 : pval = 0.2333785 
x= 3  y= 9  S= 1 : pval = 2.539357e-08 
x= 3  y= 9  S= 2 : pval = 2.395807e-06 
x= 3  y= 9  S= 4 : pval = 0.08056887 
x= 3  y= 10  S= 1 : pval = 0.01009016 
x= 3  y= 10  S= 2 : pval = 0.01244398 
x= 3  y= 10  S= 4 : pval = 0.04986332 
x= 3  y= 10  S= 7 : pval = 0.02316761 
x= 3  y= 10  S= 8 : pval = 0.02352443 
x= 3  y= 10  S= 9 : pval = 0.01406797 
x= 4  y= 3  S= 2 : pval = 3.905986e-33 
x= 4  y= 3  S= 7 : pval = 1.5938e-34 
x= 4  y= 3  S= 8 : pval = 5.273354e-17 
x= 4  y= 3  S= 9 : pval = 3.863819e-29 
x= 4  y= 7  S= 2 : pval = 6.0565e-37 
x= 4  y= 7  S= 3 : pval = 3.109473e-31 
x= 4  y= 7  S= 8 : pval = 8.622988e-05 
x= 4  y= 7  S= 9 : pval = 6.569344e-25 
x= 4  y= 8  S= 2 : pval = 1.046489e-114 
x= 4  y= 8  S= 3 : pval = 5.563958e-95 
x= 4  y= 8  S= 7 : pval = 4.663392e-86 
x= 4  y= 8  S= 9 : pval = 8.640991e-91 
x= 4  y= 9  S= 2 : pval = 4.261504e-22 
x= 4  y= 9  S= 3 : pval = 3.88618e-17 
x= 4  y= 9  S= 7 : pval = 3.38669e-16 
x= 4  y= 9  S= 8 : pval = 0.8237071 
x= 5  y= 1  S= 8 : pval = 2.056494e-33 
x= 5  y= 8  S= 1 : pval = 0.01515415 
x= 7  y= 2  S= 3 : pval = 2.26686e-69 
x= 7  y= 2  S= 4 : pval = 3.460643e-79 
x= 7  y= 2  S= 6 : pval = 1.492424e-79 
x= 7  y= 2  S= 8 : pval = 3.239086e-69 
x= 7  y= 2  S= 9 : pval = 4.556944e-73 
x= 7  y= 4  S= 2 : pval = 6.0565e-37 
x= 7  y= 4  S= 3 : pval = 3.109473e-31 
x= 7  y= 4  S= 6 : pval = 6.805788e-38 
x= 7  y= 4  S= 8 : pval = 8.622988e-05 
x= 7  y= 4  S= 9 : pval = 6.569344e-25 
x= 7  y= 6  S= 2 : pval = 5.228941e-10 
x= 7  y= 6  S= 3 : pval = 8.655708e-10 
x= 7  y= 6  S= 4 : pval = 1.362495e-10 
x= 7  y= 6  S= 8 : pval = 2.829128e-08 
x= 7  y= 6  S= 9 : pval = 3.28395e-05 
x= 7  y= 8  S= 2 : pval = 6.63056e-41 
x= 7  y= 8  S= 3 : pval = 4.149996e-43 
x= 7  y= 8  S= 4 : pval = 1.008604e-18 
x= 7  y= 8  S= 6 : pval = 1.652947e-49 
x= 7  y= 8  S= 9 : pval = 1.020289e-36 
x= 7  y= 9  S= 2 : pval = 7.208157e-09 
x= 7  y= 9  S= 3 : pval = 6.805344e-08 
x= 7  y= 9  S= 4 : pval = 0.005937555 
x= 7  y= 9  S= 6 : pval = 1.482606e-10 
x= 7  y= 9  S= 8 : pval = 0.7883994 
x= 8  y= 2  S= 3 : pval = 0.003133786 
x= 8  y= 2  S= 4 : pval = 5.869449e-09 
x= 8  y= 2  S= 5 : pval = 1.208531e-07 
x= 8  y= 2  S= 7 : pval = 0.01719468 
x= 8  y= 2  S= 9 : pval = 1.183353e-05 
x= 8  y= 4  S= 2 : pval = 1.046489e-114 
x= 8  y= 4  S= 3 : pval = 5.563958e-95 
x= 8  y= 4  S= 5 : pval = 4.278012e-114 
x= 8  y= 4  S= 7 : pval = 4.663392e-86 
x= 8  y= 4  S= 9 : pval = 8.640991e-91 
x= 8  y= 5  S= 2 : pval = 0.08840702 
x= 8  y= 7  S= 2 : pval = 6.63056e-41 
x= 8  y= 7  S= 3 : pval = 4.149996e-43 
x= 8  y= 7  S= 4 : pval = 1.008604e-18 
x= 8  y= 7  S= 5 : pval = 7.516273e-46 
x= 8  y= 7  S= 9 : pval = 1.020289e-36 
x= 8  y= 9  S= 2 : pval = 6.105485e-50 
x= 8  y= 9  S= 3 : pval = 3.301824e-45 
x= 8  y= 9  S= 4 : pval = 2.50053e-29 
x= 8  y= 9  S= 5 : pval = 4.385201e-52 
x= 8  y= 9  S= 7 : pval = 1.365128e-42 
x= 9  y= 8  S= 2 : pval = 6.105485e-50 
x= 9  y= 8  S= 3 : pval = 3.301824e-45 
x= 9  y= 8  S= 4 : pval = 2.50053e-29 
x= 9  y= 8  S= 7 : pval = 1.365128e-42 
Order=2; remaining edges:26
x= 1  y= 2  S= 3 5 : pval = 3.545497e-06 
x= 1  y= 3  S= 2 5 : pval = 8.054745e-18 
x= 1  y= 5  S= 2 3 : pval = 4.897401e-34 
x= 2  y= 1  S= 3 7 : pval = 0.002797378 
x= 2  y= 1  S= 3 8 : pval = 3.796684e-06 
x= 2  y= 1  S= 7 8 : pval = 0.0003082598 
x= 2  y= 3  S= 1 7 : pval = 1.171544e-10 
x= 2  y= 3  S= 1 8 : pval = 3.514314e-14 
x= 2  y= 3  S= 7 8 : pval = 1.750245e-14 
x= 2  y= 7  S= 1 3 : pval = 1.123881e-64 
x= 2  y= 7  S= 1 8 : pval = 4.779079e-67 
x= 2  y= 7  S= 3 8 : pval = 2.106195e-69 
x= 2  y= 8  S= 1 3 : pval = 0.006277449 
x= 2  y= 8  S= 1 7 : pval = 0.07271758 
x= 3  y= 1  S= 2 4 : pval = 5.019247e-24 
x= 3  y= 1  S= 2 10 : pval = 9.611478e-15 
x= 3  y= 1  S= 4 10 : pval = 2.37207e-23 
x= 3  y= 2  S= 1 4 : pval = 2.564501e-15 
x= 3  y= 2  S= 1 10 : pval = 1.753833e-17 
x= 3  y= 2  S= 4 10 : pval = 4.045665e-15 
x= 3  y= 4  S= 1 2 : pval = 1.794214e-40 
x= 3  y= 4  S= 1 10 : pval = 1.146595e-42 
x= 3  y= 4  S= 2 10 : pval = 1.423804e-31 
x= 3  y= 10  S= 1 2 : pval = 0.0901053 
x= 4  y= 3  S= 7 8 : pval = 2.893766e-17 
x= 4  y= 7  S= 3 8 : pval = 1.625503e-05 
x= 4  y= 8  S= 3 7 : pval = 3.192018e-68 
x= 7  y= 2  S= 4 6 : pvasearch space expansion 8 

Sample DAGs using BiDAG::sampleBN:
core space defined, score table are being computed 
score tables calculated, partition MCMC is running 
Type: EXEC 
LDAG10_pcskel_ldag_partition_epf1_reg1_N1000_r02.rds
Init search space:Order=0; remaining edges:90
x= 1  y= 2  S=  : pval = 4.958545e-06 
x= 1  y= 3  S=  : pval = 5.459045e-16 
x= 1  y= 4  S=  : pval = 0.9789146 
x= 1  y= 5  S=  : pval = 1.184535e-33 
x= 1  y= 6  S=  : pval = 0.848092 
x= 1  y= 7  S=  : pval = 0.08784459 
x= 1  y= 8  S=  : pval = 0.6422029 
x= 1  y= 9  S=  : pval = 0.6825069 
x= 1  y= 10  S=  : pval = 0.9488525 
x= 2  y= 1  S=  : pval = 4.958545e-06 
x= 2  y= 3  S=  : pval = 6.27922e-19 
x= 2  y= 4  S=  : pval = 0.0004281603 
x= 2  y= 5  S=  : pval = 0.5435855 
x= 2  y= 6  S=  : pval = 0.3697142 
x= 2  y= 7  S=  : pval = 1.483144e-75 
x= 2  y= 8  S=  : pval = 2.530065e-08 
x= 2  y= 9  S=  : pval = 0.001709666 
x= 2  y= 10  S=  : pval = 0.9767699 
x= 3  y= 1  S=  : pval = 5.459045e-16 
x= 3  y= 2  S=  : pval = 6.27922e-19 
x= 3  y= 4  S=  : pval = 1.934789e-36 
x= 3  y= 5  S=  : pval = 0.3754322 
x= 3  y= 6  S=  : pval = 0.5548901 
x= 3  y= 7  S=  : pval = 1.671627e-07 
x= 3  y= 8  S=  : pval = 1.15234e-20 
x= 3  y= 9  S=  : pval = 8.645011e-09 
x= 3  y= 10  S=  : pval = 0.004651594 
x= 4  y= 2  S=  : p
Sample DAGs using BiDAG::sampleBN:
core space defined, score table are being computed 
score tables calculated, partition MCMC is running 
Type: EXEC 
LDAG10_pcskel_tree_partition_epf1_reg0_N1000_r02.rds
Init search space:Order=0; remaining edges:90
x= 1  y= 2  S=  : pval = 4.958545e-06 
x= 1  y= 3  S=  : pval = 5.459045e-16 
x= 1  y= 4  S=  : pval = 0.9789146 
x= 1  y= 5  S=  : pval = 1.184535e-33 
x= 1  y= 6  S=  : pval = 0.848092 
x= 1  y= 7  S=  : pval = 0.08784459 
x= 1  y= 8  S=  : pval = 0.6422029 
x= 1  y= 9  S=  : pval = 0.6825069 
x= 1  y= 10  S=  : pval = 0.9488525 
x= 2  y= 1  S=  : pval = 4.958545e-06 
x= 2  y= 3  S=  : pval = 6.27922e-19 
x= 2  y= 4  S=  : pval = 0.0004281603 
x= 2  y= 5  S=  : pval = 0.5435855 
x= 2  y= 6  S=  : pval = 0.3697142 
x= 2  y= 7  S=  : pval = 1.483144e-75 
x= 2  y= 8  S=  : pval = 2.530065e-08 
x= 2  y= 9  S=  : pval = 0.001709666 
x= 2  y= 10  S=  : pval = 0.9767699 
x= 3  y= 1  S=  : pval = 5.459045e-16 
x= 3  y= 2  S=  : pval = 6.27922e-19 
x= 3  y= 4  S=  : pval = 1.934789e-36 
x= 3  y= 5  S=  : pval = 0.3754322 
x= 3  y= 6  S=  : pval = 0.5548901 
x= 3  y= 7  S=  : pval = 1.671627e-07 
x= 3  y= 8  S=  : pval = 1.15234e-20 
x= 3  y= 9  S=  : pval = 8.645011e-09 
x= 3  y= 10  S=  : pval = 0.004651594 
x= 4  y= 2  S=  : pval = 0.0004281603 
x= 4  y= 3  S=  : pval = 1.934789e-36 
x= 4  y= 5  S=  : pval = 0.2605614 
x= 4  y= 6  S=  : pval = 0.3067854 
x= 4  y= 7  S=  : pval = 3.966102e-33 
x= 4  y= 8  S=  : pval = 1.13558e-114 
x= 4  y= 9  S=  : pval = 2.401816e-24 
x= 4  y= 10  S=  : pval = 0.1405993 
x= 5  y= 1  S=  : pval = 1.184535e-33 
x= 5  y= 6  S=  : pval = 0.3314702 
x= 5  y= 7  S=  : pval = 0.5492549 
x= 5  y= 8  S=  : pval = 0.04463503 
x= 5  y= 9  S=  : pval = 0.8257344 
x= 5  y= 10  S=  : pval = 0.1640883 
x= 6  y= 7  S=  : pval = 2.147675e-05 
x= 6  y= 8  S=  : pval = 0.6125613 
x= 6  y= 9  S=  : pval = 0.7227565 
x= 6  y= 10  S=  : pval = 0.8144897 
x= 7  y= 2  S=  : pval = 1.483144e-75 
x= 7  y= 3  S=  : pval = 1.671627e-07 
x= 7  y= 4  S=  : pval = 3.966102e-33 
x= 7  y= 6  S=  : pval = 2.147675e-05 
x= 7  y= 8  S=  : pval = 3.865578e-47 
x= 7  y= 9  S=  : pval = 6.479903e-11 
x= 7  y= 10  S=  : pval = 0.4391998 
x= 8  y= 2  S=  : pval = 2.530065e-08 
x= 8  y= 3  S=  : pval = 1.15234e-20 
x= 8  y= 4  S=  : pval = 1.13558e-114 
x= 8  y= 5  S=  : pval = 0.04463503 
x= 8  y= 7  S=  : pval = 3.865578e-47 
x= 8  y= 9  S=  : pval = 4.867938e-53 
x= 8  y= 10  S=  : pval = 0.2730016 
x= 9  y= 2  S=  : pval = 0.001709666 
x= 9  y= 3  S=  : pval = 8.645011e-09 
x= 9  y= 4  S=  : pval = 2.401816e-24 
x= 9  y= 7  S=  : pval = 6.479903e-11 
x= 9  y= 8  S=  : pval = 4.867938e-53 
x= 9  y= 10  S=  : pval = 0.94167 
x= 10  y= 3  S=  : pval = 0.004651594 
Order=1; remaining edges:42
x= 1  y= 2  S= 3 : pval = 9.518781e-07 
x= 1  y= 2  S= 5 : pval = 9.685792e-06 
x= 1  y= 3  S= 2 : pval = 1.806725e-16 
x= 1  y= 3  S= 5 : pval = 8.146109e-18 
x= 1  y= 5  S= 2 : pval = 5.906548e-33 
x= 1  y= 5  S= 3 : pval = 2.617207e-35 
x= 2  y= 1  S= 3 : pval = 9.518781e-07 
x= 2  y= 1  S= 4 : pval = 1.967577e-05 
x= 2  y= 1  S= 7 : pval = 3.34205e-05 
x= 2  y= 1  S= 8 : pval = 2.877211e-05 
x= 2  y= 1  S= 9 : pval = 3.214088e-05 
x= 2  y= 3  S= 1 : pval = 2.274354e-19 
x= 2  y= 3  S= 4 : pval = 8.990692e-16 
x= 2  y= 3  S= 7 : pval = 4.680575e-13 
x= 2  y= 3  S= 8 : pval = 1.218912e-13 
x= 2  y= 3  S= 9 : pval = 2.644622e-16 
x= 2  y= 4  S= 1 : pval = 0.001344059 
x= 2  y= 4  S= 3 : pval = 0.2570412 
x= 2  y= 7  S= 1 : pval = 3.867366e-74 
x= 2  y= 7  S= 3 : pval = 2.26686e-69 
x= 2  y= 7  S= 4 : pval = 3.460643e-79 
x= 2  y= 7  S= 8 : pval = 3.239086e-69 
x= 2  y= 7  S= 9 : pval = 4.556944e-73 
x= 2  y= 8  S= 1 : pval = 1.767444e-07 
x= 2  y= 8  S= 3 : pval = 0.003133786 
x= 2  y= 8  S= 4 : pval = 5.869449e-09 
x= 2  y= 8  S= 7 : pval = 0.01719468 
x= 2  y= 8  S= 9 : pval = 1.183353e-05 
x= 2  y= 9  S= 1 : pval = 0.007925741 
x= 2  y= 9  S= 3 : pval = 0.2729412 
x= 3  y= 1  S= 2 : pval = 1.806725e-16 
x= 3  y= 1  S= 4 : pval = 1.145934e-24 
x= 3  y= 1  S= 7 : pval = 1.274346e-17 
x= 3  y= 1  S= 8 : pval = 3.327849e-16 
x= 3  y= 1  S= 9 : pval = 2.22674e-15 
x= 3  y= 1  S= 10 : pval = 3.114356e-15 
x= 3  y= 2  S= 1 : pval = 2.274354e-19 
x= 3  y= 2  S= 4 : pval = 8.990692e-16 
x= 3  y= 2  S= 7 : pval = 4.680575e-13 
x= 3  y= 2  S= 8 : pval = 1.218912e-13 
x= 3  y= 2  S= 9 : pval = 2.644622e-16 
x= 3  y= 2  S= 10 : pval = 4.834988e-18 
x= 3  y= 4  S= 1 : pval = 6.267051e-45 
x= 3  y= 4  S= 2 : pval = 3.905986e-33 
x= 3  y= 4  S= 7 : pval = 1.5938e-34 
x= 3  y= 4  S= 8 : pval = 5.273354e-17 
x= 3  y= 4  S= 9 : pval = 3.863819e-29 
x= 3  y= 4  S= 10 : pval = 8.416954e-35 
x= 3  y= 7  S= 1 : pval = 2.568836e-09 
x= 3  y= 7  S= 2 : pval = 0.07495183 
x= 3  y= 8  S= 1 : pval = 8.054549e-21 
x= 3  y= 8  S= 2 : pval = 2.343601e-15 
x= 3  y= 8  S= 4 : pval = 0.2333785 
x= 3  y= 9  S= 1 : pval = 2.539357e-08 
x= 3  y= 9  S= 2 : pval = 2.395807e-06 
x= 3  y= 9  S= 4 : pval = 0.08056887 
x= 3  y= 10  S= 1 : pval = 0.01009016 
x= 3  y= 10  S= 2 : pval = 0.01244398 
x= 3  y= 10  S= 4 : pval = 0.04986332 
x= 3  y= 10  S= 7 : pval = 0.02316761 
x= 3  y= 10  S= 8 : pval = 0.02352443 
x= 3  y= 10  S= 9 : pval = 0.01406797 
x= 4  y= 3  S= 2 : pval = 3.905986e-33 
x= 4  y= 3  S= 7 : pval = 1.5938e-34 
x= 4  y= 3  S= 8 : pval = 5.273354e-17 
x= 4  y= 3  S= 9 : pval = 3.863819e-29 
x= 4  y= 7  S= 2 : pval = 6.0565e-37 
x= 4  y= 7  S= 3 : pval = 3.109473e-31 
x= 4  y= 7  S= 8 : pval = 8.622988e-05 
x= 4  y= 7  S= 9 : pval = 6.569344e-25 
x= 4  y= 8  S= 2 : pval = 1.046489e-114 
x= 4  y= 8  S= 3 : pval = 5.563958e-95 
x= 4  y= 8  S= 7 : pval = 4.663392e-86 
x= 4  y= 8  S= 9 : pval = 8.640991e-91 
x= 4  y= 9  S= 2 : pval = 4.261504e-22 
x= 4  y= 9  S= 3 : pval = 3.88618e-17 
x= 4  y= 9  S= 7 : pval = 3.38669e-16 
x= 4  y= 9  S= 8 : pval = 0.8237071 
x= 5  y= 1  S= 8 : pval = 2.056494e-33 
x= 5  y= 8  S= 1 : pval = 0.01515415 
x= 7  y= 2  S= 3 : pval = 2.26686e-69 
x= 7  y= 2  S= 4 : pval = 3.460643e-79 
x= 7  y= 2  S= 6 : pval = 1.492424e-79 
x= 7  y= 2  S= 8 : pval = 3.239086e-69 
x= 7  y= 2  S= 9 : pval = 4.556944e-73 
x= 7  y= 4  S= 2 : pval = 6.0565e-37 
x= 7  y= 4  S= 3 : pval = 3.109473e-31 
x= 7  y= 4  S= 6 : pval = 6.805788e-38 
x= 7  y= 4  S= 8 : pval = 8.622988e-05 
x= 7  y= 4  S= 9 : pval = 6.569344e-25 
x= 7  y= 6  S= 2 : pval = 5.228941e-10 
x= 7  y= 6  S= 3 : pval = 8.655708e-10 
x= 7  y= 6  S= 4 : pval = 1.362495e-10 
x= 7  y= 6  S= 8 : pval = 2.829128e-08 
x= 7  y= 6  S= 9 : pval = 3.28395e-05 
x= 7  y= 8  S= 2 : pval = 6.63056e-41 
x= 7  y= 8  S= 3 : pval = 4.149996e-43 
x= 7  y= 8  S= 4 : pval = 1.008604e-18 
x= 7  y= 8  S= 6 : pval = 1.652947e-49 
x= 7  y= 8  S= 9 : pval = 1.020289e-36 
x= 7  y= 9  S= 2 : pval = 7.208157e-09 
x= 7  y= 9  S= 3 : pval = 6.805344e-08 
x= 7  y= 9  S= 4 : pval = 0.005937555 
x= 7  y= 9  S= 6 : pval = 1.482606e-10 
x= 7  y= 9  S= 8 : pval = 0.7883994 
x= 8  y= 2  S= 3 : pval = 0.003133786 
x= 8  y= 2  S= 4 : pval = 5.869449e-09 
x= 8  y= 2  S= 5 : pval = 1.208531e-07 
x= 8  y= 2  S= 7 : pval = 0.01719468 
x= 8  y= 2  S= 9 : pval = 1.183353e-05 
x= 8  y= 4  S= 2 : pval = 1.046489e-114 
x= 8  y= 4  S= 3 : pval = 5.563958e-95 
x= 8  y= 4  S= 5 : pval = 4.278012e-114 
x= 8  y= 4  S= 7 : pval = 4.663392e-86 
x= 8  y= 4  S= 9 : pval = 8.640991e-91 
x= 8  y= 5  S= 2 : pval = 0.08840702 
x= 8  y= 7  S= 2 : pval = 6.63056e-41 
x= 8  y= 7  S= 3 : pval = 4.149996e-43 
x= 8  y= 7  S= 4 : pval = 1.008604e-18 
x= 8  y= 7  S= 5 : pval = 7.516273e-46 
x= 8  y= 7  S= 9 : pval = 1.020289e-36 
x= 8  y= 9  S= 2 : pval = 6.105485e-50 
x= 8  y= 9  S= 3 : pval = 3.301824e-45 
x= 8  y= 9  S= 4 : pval = 2.50053e-29 
x= 8  y= 9  S= 5 : pval = 4.385201e-52 
x= 8  y= 9  S= 7 : pval = 1.365128e-42 
x= 9  y= 8  S= 2 : pval = 6.105485e-50 
x= 9  y= 8  S= 3 : pval = 3.301824e-45 
x= 9  y= 8  S= 4 : pval = 2.50053e-29 
x= 9  y= 8  S= 7 : pval = 1.365128e-42 
Order=2; remaining edges:26
x= 1  y= 2  S= 3 5 : pval = 3.545497e-06 
x= 1  y= 3  S= 2 5 : pval = 8.054745e-18 
x= 1  y= 5  S= 2 3 : pval = 4.897401e-34 
x= 2  y= 1  S= 3 7 : pval = 0.002797378 
x= 2  y= 1  S= 3 8 : pval = 3.796684e-06 
x= 2  y= 1  S= 7 8 : pval = 0.0003082598 
x= 2  y= 3  S= 1 7 : pval = 1.171544e-10 
x= 2  y= 3  S= 1 8 : pval = 3.514314e-14 
x= 2  y= 3  S= 7 8 : pval = 1.750245e-14 
x= 2  y= 7  S= 1 3 : pval = 1.123881e-64 
x= 2  y= 7  S= 1 8 : pval = 4.779079e-67 
x= 2  y= 7  S= 3 8 : pval = 2.106195e-69 
x= 2  y= 8  S= 1 3 : pval = 0.006277449 
x= 2  y= 8  S= 1 7 : pval = 0.07271758 
x= 3  y= 1  S= 2 4 : pval = 5.019247e-24 
x= 3  y= 1  S= 2 10 : pval = 9.611478e-15 
x= 3  y= 1  S= 4 10 : pval = 2.37207e-23 
x= 3  y= 2  S= 1 4 : pval = 2.564501e-15 
x= 3  y= 2  S= 1 10 : pval = 1.753833e-17 
x= 3  y= 2  S= 4 10 : pval = 4.045665e-15 
x= 3  y= 4  S= 1 2 : pval = 1.794214e-40 
x= 3  y= 4  S= 1 10 : pval = 1.146595e-42 
x= 3  y= 4  S= 2 10 : pval = 1.423804e-31 
x= 3  y= 10  S= 1 2 : pval = 0.0901053 
x= 4  y= 3  S= 7 8 : pval = 2.893766e-17 
x= 4  y= 7  S= 3 8 : pval = 1.625503e-05 
x= 4  y= 8  Ssearch space expansion 2 
search space expansion 3 
search space expansion 4 
search space expansion 5 
search space expansion 6 
search space expansion 7 
search space expansion 8 

Sample DAGs using BiDAG::sampleBN:
core space defined, score table are being computed 
score tables calculated, partition MCMC is running 
Type: EXEC 
LDAG10_pcskel_tree_partition_epf1_reg1_N1000_r03.rds
Init search space:Order=0; remaining edges:90
x= 1  y= 2  S=  : pval = 3.312813e-183 
x= 1  y= 3  S=  : pval = 0.001616623 
x= 1  y= 4  S=  : pval = 1.496187e-25 
x= 1  y= 5  S=  : pval = 1.529294e-50 
x= 1  y= 6  S=  : pval = 0.9192735 
x= 1  y= 7  S=  : pval = 0.04016199 
x= 1  y= 8  S=  : pval = 0.2475241 
x= 1  y= 9  S=  : pval = 2.843244e-08 
x= 1  y= 10  S=  : pval = 0.454212 
x= 2  y= 1  S=  : pval = 3.312813e-183 
x= 2  y= 3  S=  : pval = 0.2173855 
x= 2  y= 4  S=  : pval = 1.175902e-12 
x= 2  y= 5  S=  : pval = 4.218793e-35 
x= 2  y= 6  S=  : pval = 0.9449093 
x= 2  y= 7  S=  : pval = 0.06932234 
x= 2  y= 8  S=  : pval = 0.3899154 
x= 2  y= 9  S=  : pval = 9.464355e-06 
x= 2  y= 10  S=  : pval = 0.1548741 
x= 3  y= 1  S=  : pval = 0.001616623 
x= 3  y= 4  S=  : pval = 1.081899e-09 
x= 3  y= 5  S=  : pval = 0.2067589 
x= 3  y= 6  S=  : pval = 0.4476543 
x= 3  y= 7  S=  : pval = 0.1149665 
x= 3  y= 8  S=  : pval = 0.06605375 
x= 3  y= 9  S=  : pval = 0.1431712 
x= 3  y= 10  S=  : pval = 0.1952267 
x= 4  y= 1  S=  : pval = 1.496187e-25 
x= 4  y= 2  S=  : pval = 1.175902e-12 
x= 4  y= 3  S=  : pval = 1.081899e-09 
x= 4  y= 5  S=  : pval = 4.233796e-06 
x= 4  y= 6  S=  : pval = 0.4432142 
x= 4  y= 7  S=  : pval = 0.9270746 
x= 4  y= 8  S=  : pval = 0.00572398 
x= 4  y= 9  S=  : pval = 0.00508121 
x= 4  y= 10  S=  : pval = 0.668441 
x= 5  y= 1  S=  : pval = 1.529294e-50 
x= 5  y= 2  S=  : pval = 4.218793e-35 
x= 5  y= 4  S=  : pval = 4.233796e-06 
x= 5  y= 6  S=  : pval = 0.4015252 
x= 5  y= 7  S=  : pval = 0.6939671 
x= 5  y= 8  S=  : pval = 0.3704987 
x= 5  y= 9  S=  : pval = 2.169757e-27 
x= 5  y= 10  S=  : pval = 0.5798345 
x= 6  y= 7  S=  : pval = 0.05585039 
x= 6  y= 8  S=  : pval = 0.2715245 
x= 6  y= 9  S=  : pval = 0.7013516 
x= 6  y= 10  S=  : pval = 0.1058987 
x= 7  y= 1  S=  : pval = 0.04016199 
x= 7  y= 8  S=  : pval = 0.0008408241 
x= 7  y= 9  S=  : pval = 0.2698707 
x= 7  y= 10  S=  : pval = 0.1510427 
x= 8  y= 4  S=  : pval = 0.00572398 
x= 8  y= 7  S=  : pval = 0.0008408241 
x= 8  y= 9  S=  : pval = 1.898581e-19 
x= 8  y= 10  S=  : pval = 0.6471661 
x= 9  y= 1  S=  : pval = 2.843244e-08 
x= 9  y= 2  S=  : pval = 9.464355e-06 
x= 9  y= 4  S=  : pval = 0.00508121 
x= 9  y= 5  S=  : pval = 2.169757e-27 
x= 9  y= 8  S=  : pval = 1.898581e-19 
x= 9  y= 10  S=  : pval = 0.0116442 
x= 10  y= 9  S=  : pval = 0.0116442 
Order=1; remaining edges:34
x= 1  y= 2  S= 3 : pval = 6.090175e-183 
x= 1  y= 2  S= 4 : pval = 9.279844e-172 
x= 1  y= 2  S= 5 : pval = 1.661989e-148 
x= 1  y= 2  S= 7 : pval = 3.424754e-181 
x= 1  y= 2  S= 9 : pval = 1.589997e-177 
x= 1  y= 3  S= 2 : pval = 0.0003522785 
x= 1  y= 3  S= 4 : pval = 3.745874e-07 
x= 1  y= 3  S= 5 : pval = 0.0150121 
x= 1  y= 3  S= 7 : pval = 0.001615207 
x= 1  y= 3  S= 9 : pval = 0.01116131 
x= 1  y= 4  S= 2 : pval = 1.528861e-14 
x= 1  y= 4  S= 3 : pval = 1.066901e-28 
x= 1  y= 4  S= 5 : pval = 6.7932e-20 
x= 1  y= 4  S= 7 : pval = 6.875165e-26 
x= 1  y= 4  S= 9 : pval = 5.071317e-23 
x= 1  y= 5  S= 2 : pval = 3.986884e-16 
x= 1  y= 5  S= 3 : pval = 6.225732e-49 
x= 1  y= 5  S= 4 : pval = 9.891278e-45 
x= 1  y= 5  S= 7 : pval = 7.89129e-50 
x= 1  y= 5  S= 9 : pval = 4.451991e-43 
x= 1  y= 7  S= 2 : pval = 0.3475942 
x= 1  y= 9  S= 2 : pval = 0.00270138 
x= 1  y= 9  S= 3 : pval = 3.278297e-07 
x= 1  y= 9  S= 4 : pval = 5.229772e-06 
x= 1  y= 9  S= 5 : pval = 0.3153104 
x= 2  y= 1  S= 4 : pval = 9.279844e-172 
x= 2  y= 1  S= 5 : pval = 1.661989e-148 
x= 2  y= 1  S= 9 : pval = 1.589997e-177 
x= 2  y= 4  S= 1 : pval = 0.08256437 
x= 2  y= 5  S= 1 : pval = 0.9111778 
x= 2  y= 9  S= 1 : pval = 0.7287239 
x= 3  y= 1  S= 4 : pval = 3.745874e-07 
x= 3  y= 4  S= 1 : pval = 4.576044e-13 
x= 4  y= 1  S= 2 : pval = 1.528861e-14 
x= 4  y= 1  S= 3 : pval = 1.066901e-28 
x= 4  y= 1  S= 5 : pval = 6.7932e-20 
x= 4  y= 1  S= 8 : pval = 2.675472e-25 
x= 4  y= 1  S= 9 : pval = 5.071317e-23 
x= 4  y= 3  S= 1 : pval = 4.576044e-13 
x= 4  y= 3  S= 2 : pval = 1.948226e-13 
x= 4  y= 3  S= 5 : pval = 1.675837e-09 
x= 4  y= 3  S= 8 : pval = 1.066289e-08 
x= 4  y= 3  S= 9 : pval = 1.6149e-08 
x= 4  y= 5  S= 1 : pval = 0.8752703 
x= 4  y= 8  S= 1 : pval = 0.00297485 
x= 4  y= 8  S= 2 : pval = 0.01015482 
x= 4  y= 8  S= 3 : pval = 0.02764227 
x= 4  y= 8  S= 5 : pval = 0.005199409 
x= 4  y= 8  S= 9 : pval = 0.0618943 
x= 4  y= 9  S= 1 : pval = 0.5063809 
x= 5  y= 1  S= 2 : pval = 3.986884e-16 
x= 5  y= 1  S= 4 : pval = 9.891278e-45 
x= 5  y= 1  S= 9 : pval = 4.451991e-43 
x= 5  y= 9  S= 1 : pval = 4.598499e-20 
x= 5  y= 9  S= 2 : pval = 3.516791e-22 
x= 5  y= 9  S= 4 : pval = 5.852537e-25 
x= 7  y= 8  S= 1 : pval = 0.003015185 
x= 8  y= 7  S= 4 : pval = 2.357422e-05 
x= 8  y= 7  S= 9 : pval = 0.006522691 
x= 8  y= 9  S= 4 : pval = 6.115687e-18 
x= 8  y= 9  S= 7 : pval = 3.734271e-18 
x= 9  y= 5  S= 1 : pval = 4.598499e-20 
x= 9  y= 5  S= 2 : pval = 3.516791e-22 
x= 9  y= 5  S= 4 : pval = 5.852537e-25 
x= 9  y= 5  S= 8 : pval = 3.876781e-29 
x= 9  y= 5  S= 10 : pval = 3.02579e-26 
x= 9  y= 8  S= 1 : pval = 2.396783e-18 
x= 9  y= 8  S= 2 : pval = 1.764083e-18 
x= 9  y= 8  S= 4 : pval = 6.115687e-18 
x= 9  y= 8  S= 5 : pval = 2.831984e-21 
x= 9  y= 8  S= 10 : pval = 1.239141e-18 
x= 9  y= 10  S= 1 : pval = 0.02501965 
x= 9  y= 10  S= 2 : pval = 0.02088521 
x= 9  y= 10  S= 4 : pval = 0.02169457 
x= 9  y= 10  S= 5 : pval = 0.04223257 
x= 9  y= 10  S= 8 : pval = 0.02367608 
Order=2; remaining edges:18
x= 1  y= 2  S= 3 4 : pval = 9.707203e-166 
x= 1  y= 2  S= 3 5 : pval = 2.279084e-148 
x= 1  y= 2  S= 4 5 : pval = 1.255445e-139 
x= 1  y= 3  S= 2 4 : pval = 0.007995578 
x= 1  y= 3  S= 2 5 : pval = 0.0006370329 
x= 1  y= 3  S= 4 5 : pval = 1.168048e-05 
x= 1  y= 4  S= 2 3 : pval = 1.39571e-12 
x= 1  y= 4  S= 2 5 : pval = 4.788962e-12 
x= 1  y= 4  S= 3 5 : pval = 1.92926e-22 
x= 1  y= 5  S= 2 3 : pval = 2.568862e-15 
x= 1  y= 5  S= 2 4 : pval = 1.398245e-13 
x= 1  y= 5  S= 3 4 : pval = 2.079317e-42 
x= 9  y= 5  S= 8 10 : pval = 3.329323e-27 
x= 9  y= 8  S= 5 10 : pval = 1.00222e-19 
x= 9  y= 10  S= 5 8 : pval = 0.1377582 
Order=3; remaining edges:16
x= 1  y= 2  S= 3 4 5 : pval = 2.880846e-132 
x= 1  y= 3  S= 2 4 5 : pval = 0.09047724 
x= 1  y= 4  S= 2 3 5 : pval = 9.950789e-09 
x= 1  y= 5  S= 2 3 4 : pval = 2.860893e-11 

Expand search space using BiDAG::iterativeMCMC:maximum parent set size is 3 
core space defined, score table are being computed 
score tables completed, iterative MCMC is running 
search space expansion 2 
search space expansion 3 
search space expansion 4 
search space expansion 5 

Sample DAGs using BiDAG::sampleBN:
core space defined, score table are being computed 
score tables calculated, partition MCMC is running 
Type: EXEC 
LDAG10_pcskel_dag_partition_epf2_reg0_N1000_r03.rds
Init search space:Order=0; remaining edges:90
x= 1  y= 2  S=  : pval = 3.312813e-183 
x= 1  y= 3  S=  : pval = 0.001616623 
x= 1  y= 4  S=  : pval = 1.496187e-25 
x= 1  y= 5  S=  : pval = 1.529294e-50 
x= 1  y= 6  S=  : pval = 0.9192735 
x= 1  y= 7  S=  : pval = 0.04016199 
x= 1  y= 8  S=  : pval = 0.2475241 
x= 1  y= 9  S=  : pval = 2.843244e-08 
x= 1  y= 10  S=  : pval = 0.454212 
x= 2  y= 1  S=  : pval = 3.312813e-183 
x= 2  y= 3  S=  : pval = 0.2173855 
x= 2  y= 4  S=  : pval = 1.175902e-12 
x= 2  y= 5  S=  : pval = 4.218793e-35 
x= 2  y= 6  S=  : pval = 0.9449093 
x= 2  y= 7  S=  : pval = 0.06932234 
x= 2  y= 8  S=  : pval = 0.3899154 
x= 2  y= 9  S=  : pval = 9.464355e-06 
x= 2  y= 10  S=  : pval = 0.1548741 
x= 3  y= 1  S=  : pval = 0.001616623 
x= 3  y= 4  S=  : pval = 1.081899e-09 
x= 3  y= 5  S=  : pval = 0.2067589 
x= 3  y= 6  S=  : pval = 0.4476543 
x= 3  y= 7  S=  : pval = 0.1149665 
x= 3  y= 8  S=  : pval = 0.06605375 
x= 3  y= 9  S=  : pval = 0.1431712 
x= 3  y= 10  S=  : pval = 0.1952267 
x= 4  y= 1  S=  : pval = 1.496187e-25 
x= 4  y= 2  S=  : pval = 1.175902e-12 
x= 4  y= 3  S=  : pval = 1.081899e-09 
x= 4  y= 5  S=  : pval = 4.233796e-06 
x= 4  y= 6  S=  : pval = 0.4432142 
x= 4  y= 7  S=  : pval = 0.9270746 
x= 4  y= 8  S=  : pval = 0.00572398 
x= 4  y= 9  S=  : pval = 0.00508121 
x= 4  y= 10  S=  : pval = 0.668441 
x= 5  y= 1  S=  : pval = 1.529294e-50 
x= 5  y= 2  S=  : pval = 4.218793e-35 
x= 5  y= 4  S=  : pval = 4.233796e-06 
x= 5  y= 6  S=  : pval = 0.4015252 
x= 5  y= 7  S=  : pval = 0.6939671 
x= 5  y= 8  S=  : pval = 0.3704987 
x= 5  y= 9  S=  : pval = 2.169757e-27 
x= 5  y= 10  S=  : pval = 0.5798345 
x= 6  y= 7  S=  : pval = 0.05585039 
x= 6  y= 8  S=  : pval = 0.2715245 
x= 6  y= 9  S=  : pval = 0.7013516 
x= 6  y= 10  S=  : pval = 0.1058987 
x= 7  y= 1  S=  : pval = 0.04016199 
x= 7  y= 8  S=  : pval = 0.0008408241 
x= 7  y= 9  S=  : pval = 0.2698707 
x= 7  y= 10  S=  : pval = 0.1510427 
x= 8  y= 4  S=  : pval = 0.00572398 
x= 8  y= 7  S=  : pval = 0.0008408241 
x= 8  y= 9  S=  : pval = 1.898581e-19 
x= 8  y= 10  S=  : pval = 0.6471661 
x= 9  y= 1  S=  : pval = 2.843244e-08 
x= 9  y= 2  S=  : pval = 9.464355e-06 
x= 9  y= 4  S=  : pval = 0.00508121 
x= 9  y= 5  S=  : pval = 2.169757e-27 
x= 9  y= 8  S=  : pval = 1.898581e-19 
x= 9  y= 10  S=  : pval = 0.0116442 
x= 10  y= 9  S=  : pval = 0.0116442 
Order=1; remaining edges:34
x= 1  y= 2  S= 3 : pval = 6.090175e-183 
x= 1  y= 2  S= 4 : pval = 9.279844e-172 
x= 1  y= 2  S= 5 : pval = 1.661989e-148 
x= 1  y= 2  S= 7 : pval = 3.424754e-181 
x= 1  y= 2  S= 9 : pval = 1.589997e-177 
x= 1  y= 3  S= 2 : pval = 0.0003522785 
x= 1  y= 3  S= 4 : pval = 3.745874e-07 
x= 1  y= 3  S= 5 : pval = 0.0150121 
x= 1  y= 3  S= 7 : pval = 0.001615207 
x= 1  y= 3  S= 9 : pval = 0.01116131 
x= 1  y= 4  S= 2 : pval = 1.528861e-14 
x= 1  y= 4  S= 3 : pval = 1.066901e-28 
x= 1  y= 4  S= 5 : pval = 6.7932e-20 
x= 1  y= 4  S= 7 : pval = 6.875165e-26 
x= 1  y= 4  S= 9 : pval = 5.071317e-23 
x= 1  y= 5  S= 2 : pval = 3.986884e-16 
x= 1  y= 5  S= 3 : pval = 6.225732e-49 
x= 1  y= 5  S= 4 : pval = 9.891278e-45 
x= 1  y= 5  S= 7 : pval = 7.89129e-50 
x= 1  y= 5  S= 9 : pval = 4.451991e-43 
x= 1  y= 7  S= 2 : pval = 0.3475942 
x= 1  y= 9  S= 2 : pval = 0.00270138 
x= 1  y= 9  S= 3 : pval = 3.278297e-07 
x= 1  y= 9  S= 4 : pval = 5.229772e-06 
x= 1  y= 9  S= 5 : pval = 0.3153104 
x= 2  y= 1  S= 4 : pval = 9.279844e-172 
x= 2  y= 1  S= 5 : pval = 1.661989e-148 
x= 2  y= 1  S= 9 : pval = 1.589997e-177 
x= 2  y= 4  S= 1 : pval = 0.08256437 
x= 2  y= 5  S= 1 : pval = 0.9111778 
x= 2  y= 9  S= 1 : pval = 0.7287239 
x= 3  y= 1  S= 4 : pval = 3.745874e-07 
x= 3  y= 4  S= 1 : pval = 4.576044e-13 
x= 4  y= 1  S= 2 : pval = 1.528861e-14 
x= 4  y= 1  S= 3 : pval = 1.066901e-28 
x= 4  y= 1  S= 5 : pval = 6.7932e-20 
x= 4  y= 1  S= 8 : pval = 2.675472e-25 
x= 4  y= 1  S= 9 : pval = 5.071317e-23 
x= 4  y= 3  S= 1 : pval = 4.576044e-13 
x= 4  y= 3  S= 2 : pval = 1.948226e-13 
x= 4  y= 3  S= 5 : pval = 1.675837e-09 
x= 4  y= 3  S= 8 : pval = 1.066289e-08 
x= 4  y= 3  S= 9 : pval = 1.6149e-08 
x= 4  y= 5  S= 1 : pval = 0.8752703 
x= 4  y= 8  S= 1 : pval = 0.00297485 
x= 4  y= 8  S= 2 : pval = 0.01015482 
x= 4  y= 8  S= 3 : pval = 0.02764227 
x= 4  y= 8  S= 5 : pval = 0.005199409 
x= 4  y= 8  S= 9 : pval = 0.0618943 
x= 4  y= 9  S= 1 : pval = 0.5063809 
x= 5  y= 1  S= 2 : pval = 3.986884e-16 
x= 5  y= 1  S= 4 : pval = 9.891278e-45 
x= 5  y= 1  S= 9 : pval = 4.451991e-43 
x= 5  y= 9  S= 1 : pval = 4.598499e-20 
x= 5  y= 9  S= 2 : pval = 3.516791e-22 
x= 5  y= 9  S= 4 : pval = 5.852537e-25 
x= 7  y= 8  S= 1 : pval = 0.003015185 
x= 8  y= 7  S= 4 : pval = 2.357422e-05 
x= 8  y= 7  S= 9 : pval = 0.006522691 
x= 8  y= 9  S= 4 : pval = 6.115687e-18 
x= 8  y= 9  S= 7 : pval = 3.734271e-18 
x= 9  y= 5  S= 1 : pval = 4.598499e-20 
x= 9  y= 5  S= 2 : pval = 3.516791e-22 
x= 9  y= 5  S= 4 : pval = 5.852537e-25 
x= 9  y= 5  S= 8 : pval = 3.876781e-29 
x= 9  y= 5  S= 10 : pval = 3.02579e-26 
x= 9  y= 8  S= 1 : pval = 2.396783e-18 
x= 9  y= 8  S= 2 : pval = 1.764083e-18 
x= 9  y= 8  S= 4 : pval = 6.115687e-18 
x= 9  y= 8  S= 5 : pval = 2.831984e-21 
x= 9  y= 8  S= 10 : pval = 1.239141e-18 
x= 9  y= 10  S= 1 : pval = 0.02501965 
x= 9  y= 10  S= 2 : pval = 0.02088521 
x= 9  y= 10  S= 4 : pval = 0.02169457 
x= 9  y= 10  S= 5 : pval = 0.04223257 
x= 9  y= 10  S= 8 : pval = 0.02367608 
Order=2; remaining edges:18
x= 1  y= 2  S= 3 4 : pval = 9.707203e-166 
x= 1  y= 2  S= 3 5 : pval = 2.279084e-148 
x= 1  y= 2  S= 4 5 : pval = 1.255445e-139 
x= 1  y= 3  S= 2 4 : pval = 0.007995578 
x= 1  y= 3  S= 2 5 : pval = 0.0006370329 
x= 1  y= 3  S= 4 5 : pval = 1.168048e-05 
x= 1  y= 4  S= 2 3 : pval = 1.39571e-12 
x= 1  y= 4  S= 2 5 : pval = 4.788962e-12 
x= 1  y= 4  S= 3 5 : pval = 1.92926e-22 
x= 1  y= 5  S= 2 3 : pval = 2.568862e-15 
x= 1  y= 5  S= 2 4 : pval = 1.398245e-13 
x= 1  y= 5  S= 3 4 : pval = 2.079317e-42 
x= 9  y= 5  S= 8 10 : pval = 3.329323e-27 
x= 9  y= 8  S= 5 10 : pval = 1.00222e-19 
x= 9  y= 10  S= 5 8 : pval = 0.1377582 
Order=3; remaining edges:16
x= 1  y= 2  S= 3 4 5 : pval = 2.880846e-132 
x= 1  y= 3  S= 2 4 5 : pval = 0.09047724 
x= 1  y= 4  S= 2 3 5 : pval = 9.950789e-09 
x= 1  y= 5  S= 2 3 4 : pval = 2.860893e-11 

Expand search space using BiDAG::iterativeMCMC:maximum parent set size is 3 
core space defined, score table are being computed 
score tables completed, iterative MCMC is running 
search space expansion 2 

Sample DAGs using BiDAG::sampleBN:
core space defined, score table are being computed 
score tables calculated, partition MCMC is running 
Type: EXEC 
LDAG10_pcskel_tree_partition_epf2_reg0_N1000_r03.rds
Init search space:Order=0; remaining edges:90
x= 1  y= 2  S=  : pval = 3.312813e-183 
x= 1  y= 3  S=  : pval = 0.001616623 
x= 1  y= 4  S=  : pval = 1.496187e-25 
x= 1  y= 5  S=  : pval = 1.529294e-50 
x= 1  y= 6  S=  : pval = 0.9192735 
x= 1  y= 7  S=  : pval = 0.04016199 
x= 1  y= 8  S=  : pval = 0.2475241 
x= 1  y= 9  S=  : pval = 2.843244e-08 
x= 1  y= 10  S=  : pval = 0.454212 
x= 2  y= 1  S=  : pval = 3.312813e-183 
x= 2  y= 3  S=  : pval = 0.2173855 
x= 2  y= 4  S=  : pval = 1.175902e-12 
x= 2  y= 5  S=  : pval = 4.218793e-35 
x= 2  y= 6  S=  : pval = 0.9449093 
x= 2  y= 7  S=  : pval = 0.06932234 
x= 2  y= 8  S=  : pval = 0.3899154 
x= 2  y= 9  S=  : pval = 9.464355e-06 
x= 2  y= 10  S=  : pval = 0.1548741 
x= 3  y= 1  S=  : pval = 0.001616623 
x= 3  y= 4  S=  : pval = 1.081899e-09 
x= 3  y= 5  S=  : pval = 0.2067589 
x= 3  y= 6  S=  : pval = 0.4476543 
x= 3  y= 7  S=  : pval = 0.1149665 
x= 3  y= 8  S=  : pval = 0.06605375 
x= 3  y= 9  S=  : pval = 0.1431712 
x= 3  y= 10  S=  : pval = 0.1952267 
x= 4  y= 1  S=  : pval = 1.496187e-25 
x= 4  y= 2  S=  : pval = 1.175902e-12 
x= 4  y= 3  S=  : pval = 1.081899e-09 
x= 4  y= 5  S=  : pval = 4.233796e-06 
x= 4  y= 6  S=  : pval = 0.4432142 
x= 4  y= 7  S=  : pval = 0.9270746 
x= 4  y= 8  S=  : pval = 0.00572398 
x= 4  y= 9  S=  : pval = 0.00508121 
x= 4  y= 10  S=  : pval = 0.668441 
x= 5  y= 1  S=  : pval = 1.529294e-50 
x= 5  y= 2  S=  : pval = 4.218793e-35 
x= 5  y= 4  S=  : pval = 4.233796e-06 
x= 5  y= 6  S=  : pval = 0.4015252 
x= 5  y= 7  S=  : pval = 0.6939671 
x= 5  y= 8  S=  : pval = 0.3704987 
x= 5  y= 9  S=  : pval = 2.169757e-27 
x= 5  y= 10  S=  : pval = 0.5798345 
x= 6  y= 7  S=  : pval = 0.05585039 
x= 6  y= 8  S=  : pval = 0.2715245 
x= 6  y= 9  S=  : pval = 0.7013516 
x= 6  y= 10  S=  : pval = 0.1058987 
x= 7  y= 1  S=  : pval = 0.04016199 
x= 7  y= 8  S=  : pval = 0.0008408241 
x= 7  y= 9  S=  : pval = 0.2698707 
x= 7  y= 10  S=  : pval = 0.1510427 
x= 8  y= 4  S=  : pval = 0.00572398 
x= 8  y= 7  S=  : pval = 0.0008408241 
x= 8  y= 9  S=  : pval = 1.898581e-19 
x= 8  y= 10  S=  : pval = 0.6471661 
x= 9  y= 1  S=  : pval = 2.843244e-08 
x= 9  y= 2  S=  : pval = 9.464355e-06 
x= 9  y= 4  S=  : pval = 0.00508121 
x= 9  y= 5  S=  : pval = 2.169757e-27 
x= 9  y= 8  S=  : pval = 1.898581e-19 
x= 9  y= 10  S=  : pval = 0.0116442 
x= 10  y= 9  S=  : pval = 0.0116442 
Order=1; remaining edges:34
x= 1  y= 2  S= 3 : pval = 6.090175e-183 
x= 1  y= 2  S= 4 : pval = 9.279844e-172 
x= 1  y= 2  S= 5 : pval = 1.661989e-148 
x= 1  y= 2  S= 7 : pval = 3.424754e-181 
x= 1  y= 2  S= 9 : pval = 1.589997e-177 
x= 1  y= 3  S= 2 : pval = 0.0003522785 
x= 1  y= 3  S= 4 : pval = 3.745874e-07 
x= 1  y= 3  S= 5 : pval = 0.0150121 
x= 1  y= 3  S= 7 : pval = 0.001615207 
x= 1  y= 3  S= 9 : pval = 0.01116131 
x= 1  y= 4  S= 2 : pval = 1.528861e-14 
x= 1  y= 4  S= 3 : pval = 1.066901e-28 
x= 1  y= 4  S= 5 : pval = 6.7932e-20 
x= 1  y= 4  S= 7 : pval = 6.875165e-26 
x= 1  y= 4  S= 9 : pval = 5.071317e-23 
x= 1  y= 5  S= 2 : pval = 3.986884e-16 
x= 1  y= 5  S= 3 : pval = 6.225732e-49 
x= 1  y= 5  S= 4 : pval = 9.891278e-45 
x= 1  y= 5  S= 7 : pval = 7.89129e-50 
x= 1  y= 5  S= 9 : pval = 4.451991e-43 
x= 1  y= 7  S= 2 : pval = 0.3475942 
x= 1  y= 9  S= 2 : pval = 0.00270138 
x= 1  y= 9  S= 3 : pval = 3.